[12-Mar-2025 19:38:37 UTC] [INFO] Iniciando geração de partidas para torneio 31 - fgd do tipo super_12_selected_pairs
[12-Mar-2025 19:38:38 UTC] [INFO] === Início do carregamento do torneio ===
[12-Mar-2025 19:38:38 UTC] [INFO] ID: 31
[12-Mar-2025 19:38:38 UTC] [INFO] Tipo: super_12_selected_pairs
[12-Mar-2025 19:38:38 UTC] [INFO] Status: open
[12-Mar-2025 19:38:38 UTC] [INFO] === Fim do carregamento do torneio ===
[12-Mar-2025 19:42:10 UTC] [INFO] === Início do carregamento do torneio ===
[12-Mar-2025 19:42:10 UTC] [INFO] ID: 31
[12-Mar-2025 19:42:10 UTC] [INFO] Tipo: super_12_selected_pairs
[12-Mar-2025 19:42:10 UTC] [INFO] Status: open
[12-Mar-2025 19:42:10 UTC] [INFO] === Fim do carregamento do torneio ===
[12-Mar-2025 19:42:18 UTC] [INFO] Iniciando geração de partidas para torneio 31 - fgd do tipo super_12_selected_pairs
[12-Mar-2025 19:42:18 UTC] [DEBUG] Informações da requisição: {"_token":"xjcYUBtnVnZraNrcF4LMuxZmpufaJWnRpxgthEpM"}
[12-Mar-2025 19:42:18 UTC] [DEBUG] Verificando duplas para Super 12 Pré-selecionadas
[12-Mar-2025 19:42:18 UTC] [DEBUG] Número de duplas encontradas: 0
[12-Mar-2025 19:42:18 UTC] [DEBUG] Número insuficiente de duplas. Retornando erro.
[12-Mar-2025 19:42:19 UTC] [INFO] === Início do carregamento do torneio ===
[12-Mar-2025 19:42:19 UTC] [INFO] ID: 31
[12-Mar-2025 19:42:19 UTC] [INFO] Tipo: super_12_selected_pairs
[12-Mar-2025 19:42:19 UTC] [INFO] Status: open
[12-Mar-2025 19:42:19 UTC] [INFO] === Fim do carregamento do torneio ===
[12-Mar-2025 19:42:22 UTC] [INFO] === Início do carregamento do torneio ===
[12-Mar-2025 19:42:22 UTC] [INFO] ID: 31
[12-Mar-2025 19:42:22 UTC] [INFO] Tipo: super_12_selected_pairs
[12-Mar-2025 19:42:22 UTC] [INFO] Status: open
[12-Mar-2025 19:42:22 UTC] [INFO] === Fim do carregamento do torneio ===
[12-Mar-2025 19:44:38 UTC] [INFO] === Início do carregamento do torneio ===
[12-Mar-2025 19:44:38 UTC] [INFO] ID: 31
[12-Mar-2025 19:44:38 UTC] [INFO] Tipo: super_12_selected_pairs
[12-Mar-2025 19:44:38 UTC] [INFO] Status: open
[12-Mar-2025 19:44:38 UTC] [INFO] === Fim do carregamento do torneio ===
[12-Mar-2025 19:44:40 UTC] [INFO] Iniciando geração de partidas para torneio 31 - fgd do tipo super_12_selected_pairs
[12-Mar-2025 19:44:41 UTC] [INFO] === Início do carregamento do torneio ===
[12-Mar-2025 19:44:41 UTC] [INFO] ID: 31
[12-Mar-2025 19:44:41 UTC] [INFO] Tipo: super_12_selected_pairs
[12-Mar-2025 19:44:41 UTC] [INFO] Status: open
[12-Mar-2025 19:44:41 UTC] [INFO] === Fim do carregamento do torneio ===
[12-Mar-2025 19:44:45 UTC] [INFO] === Início do carregamento do torneio ===
[12-Mar-2025 19:44:45 UTC] [INFO] ID: 31
[12-Mar-2025 19:44:45 UTC] [INFO] Tipo: super_12_selected_pairs
[12-Mar-2025 19:44:45 UTC] [INFO] Status: open
[12-Mar-2025 19:44:45 UTC] [INFO] === Fim do carregamento do torneio ===
[12-Mar-2025 19:44:48 UTC] [INFO] Iniciando geração de partidas para torneio 31 - fgd do tipo super_12_selected_pairs
[12-Mar-2025 19:44:48 UTC] [INFO] === Início do carregamento do torneio ===
[12-Mar-2025 19:44:48 UTC] [INFO] ID: 31
[12-Mar-2025 19:44:48 UTC] [INFO] Tipo: super_12_selected_pairs
[12-Mar-2025 19:44:48 UTC] [INFO] Status: open
[12-Mar-2025 19:44:48 UTC] [INFO] === Fim do carregamento do torneio ===
[12-Mar-2025 19:45:13 UTC] [INFO] === Início do carregamento do torneio ===
[12-Mar-2025 19:45:13 UTC] [INFO] ID: 33
[12-Mar-2025 19:45:13 UTC] [INFO] Tipo: super_12_selected_pairs
[12-Mar-2025 19:45:13 UTC] [INFO] Status: draft
[12-Mar-2025 19:45:13 UTC] [INFO] === Fim do carregamento do torneio ===
[12-Mar-2025 19:45:29 UTC] [INFO] === Início do carregamento do torneio ===
[12-Mar-2025 19:45:29 UTC] [INFO] ID: 33
[12-Mar-2025 19:45:29 UTC] [INFO] Tipo: super_12_selected_pairs
[12-Mar-2025 19:45:29 UTC] [INFO] Status: open
[12-Mar-2025 19:45:29 UTC] [INFO] === Fim do carregamento do torneio ===
[12-Mar-2025 19:45:34 UTC] [INFO] === Início do carregamento do torneio ===
[12-Mar-2025 19:45:34 UTC] [INFO] ID: 33
[12-Mar-2025 19:45:34 UTC] [INFO] Tipo: super_12_selected_pairs
[12-Mar-2025 19:45:34 UTC] [INFO] Status: open
[12-Mar-2025 19:45:34 UTC] [INFO] === Fim do carregamento do torneio ===
[12-Mar-2025 19:45:36 UTC] [INFO] Iniciando geração de partidas para torneio 33 - sadasd do tipo super_12_selected_pairs
[12-Mar-2025 19:45:36 UTC] [INFO] === Início do carregamento do torneio ===
[12-Mar-2025 19:45:36 UTC] [INFO] ID: 33
[12-Mar-2025 19:45:36 UTC] [INFO] Tipo: super_12_selected_pairs
[12-Mar-2025 19:45:36 UTC] [INFO] Status: open
[12-Mar-2025 19:45:36 UTC] [INFO] === Fim do carregamento do torneio ===
[12-Mar-2025 19:48:00 UTC] [INFO] === Início do carregamento do torneio ===
[12-Mar-2025 19:48:00 UTC] [INFO] ID: 33
[12-Mar-2025 19:48:00 UTC] [INFO] Tipo: super_12_selected_pairs
[12-Mar-2025 19:48:00 UTC] [INFO] Status: open
[12-Mar-2025 19:48:00 UTC] [INFO] === Fim do carregamento do torneio ===
[12-Mar-2025 19:48:04 UTC] [INFO] Iniciando geração de partidas para torneio 33 - sadasd do tipo super_12_selected_pairs
[12-Mar-2025 19:48:05 UTC] [INFO] === Início do carregamento do torneio ===
[12-Mar-2025 19:48:05 UTC] [INFO] ID: 33
[12-Mar-2025 19:48:05 UTC] [INFO] Tipo: super_12_selected_pairs
[12-Mar-2025 19:48:05 UTC] [INFO] Status: open
[12-Mar-2025 19:48:05 UTC] [INFO] === Fim do carregamento do torneio ===
[12-Mar-2025 19:48:20 UTC] [INFO] === Início do carregamento do torneio ===
[12-Mar-2025 19:48:20 UTC] [INFO] ID: 34
[12-Mar-2025 19:48:20 UTC] [INFO] Tipo: super_12_selected_pairs
[12-Mar-2025 19:48:20 UTC] [INFO] Status: draft
[12-Mar-2025 19:48:20 UTC] [INFO] === Fim do carregamento do torneio ===
[12-Mar-2025 19:48:37 UTC] [INFO] === Início do carregamento do torneio ===
[12-Mar-2025 19:48:37 UTC] [INFO] ID: 34
[12-Mar-2025 19:48:37 UTC] [INFO] Tipo: super_12_selected_pairs
[12-Mar-2025 19:48:37 UTC] [INFO] Status: open
[12-Mar-2025 19:48:37 UTC] [INFO] === Fim do carregamento do torneio ===
[12-Mar-2025 19:48:46 UTC] [INFO] === Início do carregamento do torneio ===
[12-Mar-2025 19:48:46 UTC] [INFO] ID: 34
[12-Mar-2025 19:48:46 UTC] [INFO] Tipo: super_12_selected_pairs
[12-Mar-2025 19:48:46 UTC] [INFO] Status: open
[12-Mar-2025 19:48:46 UTC] [INFO] === Fim do carregamento do torneio ===
[12-Mar-2025 19:48:48 UTC] [INFO] Iniciando geração de partidas para torneio 34 - sadasd do tipo super_12_selected_pairs
[12-Mar-2025 19:48:48 UTC] [INFO] === Início do carregamento do torneio ===
[12-Mar-2025 19:48:48 UTC] [INFO] ID: 34
[12-Mar-2025 19:48:48 UTC] [INFO] Tipo: super_12_selected_pairs
[12-Mar-2025 19:48:48 UTC] [INFO] Status: open
[12-Mar-2025 19:48:48 UTC] [INFO] === Fim do carregamento do torneio ===
[12-Mar-2025 20:20:38 UTC] [INFO] === Início do carregamento do torneio ===
[12-Mar-2025 20:20:38 UTC] [INFO] ID: 34
[12-Mar-2025 20:20:38 UTC] [INFO] Tipo: super_12_selected_pairs
[12-Mar-2025 20:20:38 UTC] [INFO] Status: open
[12-Mar-2025 20:20:38 UTC] [INFO] === Fim do carregamento do torneio ===
[12-Mar-2025 20:20:42 UTC] [INFO] Iniciando geração de partidas para torneio 34 - sadasd do tipo super_12_selected_pairs
[12-Mar-2025 20:20:42 UTC] [INFO] === Início do carregamento do torneio ===
[12-Mar-2025 20:20:42 UTC] [INFO] ID: 34
[12-Mar-2025 20:20:42 UTC] [INFO] Tipo: super_12_selected_pairs
[12-Mar-2025 20:20:42 UTC] [INFO] Status: open
[12-Mar-2025 20:20:42 UTC] [INFO] === Fim do carregamento do torneio ===
[12-Mar-2025 20:20:47 UTC] [INFO] === Início do carregamento do torneio ===
[12-Mar-2025 20:20:47 UTC] [INFO] ID: 34
[12-Mar-2025 20:20:47 UTC] [INFO] Tipo: super_12_selected_pairs
[12-Mar-2025 20:20:47 UTC] [INFO] Status: open
[12-Mar-2025 20:20:47 UTC] [INFO] === Fim do carregamento do torneio ===
[12-Mar-2025 20:22:05 UTC] [INFO] === Início do carregamento do torneio ===
[12-Mar-2025 20:22:05 UTC] [INFO] ID: 35
[12-Mar-2025 20:22:05 UTC] [INFO] Tipo: super_12_selected_pairs
[12-Mar-2025 20:22:05 UTC] [INFO] Status: draft
[12-Mar-2025 20:22:05 UTC] [INFO] === Fim do carregamento do torneio ===
[12-Mar-2025 20:22:27 UTC] [INFO] === Início do carregamento do torneio ===
[12-Mar-2025 20:22:27 UTC] [INFO] ID: 35
[12-Mar-2025 20:22:27 UTC] [INFO] Tipo: super_12_selected_pairs
[12-Mar-2025 20:22:27 UTC] [INFO] Status: open
[12-Mar-2025 20:22:27 UTC] [INFO] === Fim do carregamento do torneio ===
[12-Mar-2025 20:29:03 UTC] [INFO] === Início do carregamento do torneio ===
[12-Mar-2025 20:29:03 UTC] [INFO] ID: 35
[12-Mar-2025 20:29:03 UTC] [INFO] Tipo: super_12_selected_pairs
[12-Mar-2025 20:29:03 UTC] [INFO] Status: open
[12-Mar-2025 20:29:03 UTC] [INFO] === Fim do carregamento do torneio ===
[12-Mar-2025 20:29:09 UTC] [INFO] Iniciando geração de partidas para torneio 35 - asd do tipo super_12_selected_pairs
[12-Mar-2025 20:29:09 UTC] [INFO] === Início do carregamento do torneio ===
[12-Mar-2025 20:29:09 UTC] [INFO] ID: 35
[12-Mar-2025 20:29:09 UTC] [INFO] Tipo: super_12_selected_pairs
[12-Mar-2025 20:29:09 UTC] [INFO] Status: open
[12-Mar-2025 20:29:09 UTC] [INFO] === Fim do carregamento do torneio ===
[12-Mar-2025 20:30:00 UTC] [INFO] === Início do carregamento do torneio ===
[12-Mar-2025 20:30:00 UTC] [INFO] ID: 35
[12-Mar-2025 20:30:00 UTC] [INFO] Tipo: super_12_selected_pairs
[12-Mar-2025 20:30:00 UTC] [INFO] Status: open
[12-Mar-2025 20:30:00 UTC] [INFO] === Fim do carregamento do torneio ===
[12-Mar-2025 20:30:04 UTC] [INFO] Iniciando geração de partidas para torneio 35 - asd do tipo super_12_selected_pairs
[12-Mar-2025 20:30:04 UTC] [INFO] === Início do carregamento do torneio ===
[12-Mar-2025 20:30:04 UTC] [INFO] ID: 35
[12-Mar-2025 20:30:04 UTC] [INFO] Tipo: super_12_selected_pairs
[12-Mar-2025 20:30:04 UTC] [INFO] Status: in_progress
[12-Mar-2025 20:30:04 UTC] [INFO] === Fim do carregamento do torneio ===
[12-Mar-2025 22:31:27 UTC] [INFO] === Início do carregamento do torneio ===
[12-Mar-2025 22:31:27 UTC] [INFO] ID: 35
[12-Mar-2025 22:31:27 UTC] [INFO] Tipo: super_12_selected_pairs
[12-Mar-2025 22:31:27 UTC] [INFO] Status: in_progress
[12-Mar-2025 22:31:27 UTC] [INFO] === Fim do carregamento do torneio ===
[12-Mar-2025 22:32:02 UTC] [INFO] === Início do carregamento do torneio ===
[12-Mar-2025 22:32:02 UTC] [INFO] ID: 32
[12-Mar-2025 22:32:02 UTC] [INFO] Tipo: super_8_individual
[12-Mar-2025 22:32:02 UTC] [INFO] Status: in_progress
[12-Mar-2025 22:32:02 UTC] [INFO] === Fim do carregamento do torneio ===
[12-Mar-2025 22:32:42 UTC] [INFO] === Início do carregamento do torneio ===
[12-Mar-2025 22:32:42 UTC] [INFO] ID: 32
[12-Mar-2025 22:32:42 UTC] [INFO] Tipo: super_8_individual
[12-Mar-2025 22:32:42 UTC] [INFO] Status: in_progress
[12-Mar-2025 22:32:42 UTC] [INFO] === Fim do carregamento do torneio ===
[13-Mar-2025 01:10:27 UTC] [INFO] === Início do carregamento do torneio ===
[13-Mar-2025 01:10:27 UTC] [INFO] ID: 35
[13-Mar-2025 01:10:27 UTC] [INFO] Tipo: super_12_selected_pairs
[13-Mar-2025 01:10:27 UTC] [INFO] Status: in_progress
[13-Mar-2025 01:10:27 UTC] [INFO] === Fim do carregamento do torneio ===
[13-Mar-2025 01:10:46 UTC] [INFO] === Início do carregamento do torneio ===
[13-Mar-2025 01:10:46 UTC] [INFO] ID: 36
[13-Mar-2025 01:10:46 UTC] [INFO] Tipo: super_12_selected_pairs
[13-Mar-2025 01:10:46 UTC] [INFO] Status: draft
[13-Mar-2025 01:10:46 UTC] [INFO] === Fim do carregamento do torneio ===
[13-Mar-2025 01:12:45 UTC] [INFO] === Início do carregamento do torneio ===
[13-Mar-2025 01:12:45 UTC] [INFO] ID: 36
[13-Mar-2025 01:12:45 UTC] [INFO] Tipo: super_12_selected_pairs
[13-Mar-2025 01:12:45 UTC] [INFO] Status: draft
[13-Mar-2025 01:12:45 UTC] [INFO] === Fim do carregamento do torneio ===
[13-Mar-2025 01:13:12 UTC] [INFO] === Início do carregamento do torneio ===
[13-Mar-2025 01:13:12 UTC] [INFO] ID: 36
[13-Mar-2025 01:13:12 UTC] [INFO] Tipo: super_12_selected_pairs
[13-Mar-2025 01:13:12 UTC] [INFO] Status: draft
[13-Mar-2025 01:13:12 UTC] [INFO] === Fim do carregamento do torneio ===
[13-Mar-2025 01:13:18 UTC] [INFO] === Início do carregamento do torneio ===
[13-Mar-2025 01:13:18 UTC] [INFO] ID: 36
[13-Mar-2025 01:13:18 UTC] [INFO] Tipo: super_12_selected_pairs
[13-Mar-2025 01:13:18 UTC] [INFO] Status: draft
[13-Mar-2025 01:13:18 UTC] [INFO] === Fim do carregamento do torneio ===
